<?xml version="1.0" encoding="UTF-8"?>
<testng-results ignored="0" total="2" passed="2" failed="0" skipped="0">
  <reporter-output>
  </reporter-output>
  <suite started-at="2019-08-28T06:22:30Z" name="Default suite" finished-at="2019-08-28T06:22:46Z" duration-ms="16087">
    <groups>
    </groups>
    <test started-at="2019-08-28T06:22:30Z" name="Default test" finished-at="2019-08-28T06:22:46Z" duration-ms="16087">
      <class name="com.training.sanity.tests.TC14AddProduct_Invaliddetails_Errormsg">
        <test-method is-config="true" signature="setUpBeforeClass()[pri:0, instance:com.training.sanity.tests.TC14AddProduct_Invaliddetails_Errormsg@7fc229ab]" started-at="2019-08-28T06:22:30Z" name="setUpBeforeClass" finished-at="2019-08-28T06:22:38Z" duration-ms="7333" status="PASS">
          <reporter-output>
          </reporter-output>
        </test-method> <!-- setUpBeforeClass -->
        <test-method signature="validLoginTest()[pri:1, instance:com.training.sanity.tests.TC14AddProduct_Invaliddetails_Errormsg@7fc229ab]" started-at="2019-08-28T06:22:38Z" name="validLoginTest" finished-at="2019-08-28T06:22:40Z" duration-ms="2371" status="PASS">
          <reporter-output>
          </reporter-output>
        </test-method> <!-- validLoginTest -->
        <test-method is-config="true" signature="setUp()[pri:0, instance:com.training.sanity.tests.TC14AddProduct_Invaliddetails_Errormsg@7fc229ab]" started-at="2019-08-28T06:22:38Z" name="setUp" finished-at="2019-08-28T06:22:38Z" duration-ms="0" status="PASS">
          <reporter-output>
          </reporter-output>
        </test-method> <!-- setUp -->
        <test-method is-config="true" signature="setUp()[pri:0, instance:com.training.sanity.tests.TC14AddProduct_Invaliddetails_Errormsg@7fc229ab]" started-at="2019-08-28T06:22:40Z" name="setUp" finished-at="2019-08-28T06:22:40Z" duration-ms="1" status="PASS">
          <reporter-output>
          </reporter-output>
        </test-method> <!-- setUp -->
        <test-method signature="filterProductTest()[pri:2, instance:com.training.sanity.tests.TC14AddProduct_Invaliddetails_Errormsg@7fc229ab]" started-at="2019-08-28T06:22:40Z" name="filterProductTest" finished-at="2019-08-28T06:22:45Z" duration-ms="4540" status="PASS">
          <reporter-output>
          </reporter-output>
        </test-method> <!-- filterProductTest -->
        <test-method is-config="true" signature="tearDown()[pri:0, instance:com.training.sanity.tests.TC14AddProduct_Invaliddetails_Errormsg@7fc229ab]" started-at="2019-08-28T06:22:45Z" name="tearDown" finished-at="2019-08-28T06:22:46Z" duration-ms="1808" status="PASS">
          <reporter-output>
          </reporter-output>
        </test-method> <!-- tearDown -->
      </class> <!-- com.training.sanity.tests.TC14AddProduct_Invaliddetails_Errormsg -->
    </test> <!-- Default test -->
  </suite> <!-- Default suite -->
</testng-results>
