<?xml version="1.0" encoding="UTF-8"?>
<testng-results ignored="1" total="3" passed="1" failed="1" skipped="0">
  <reporter-output>
  </reporter-output>
  <suite started-at="2019-09-03T15:10:25Z" name="Default suite" finished-at="2019-09-03T15:11:30Z" duration-ms="65630">
    <groups>
    </groups>
    <test started-at="2019-09-03T15:10:25Z" name="Default test" finished-at="2019-09-03T15:11:30Z" duration-ms="65630">
      <class name="com.training.sanity.tests.TC15ConfirmandCompleteOrder">
        <test-method is-config="true" signature="setUpBeforeClass()[pri:0, instance:com.training.sanity.tests.TC15ConfirmandCompleteOrder@2cbb3d47]" started-at="2019-09-03T15:10:25Z" name="setUpBeforeClass" finished-at="2019-09-03T15:10:25Z" duration-ms="16" status="PASS">
          <reporter-output>
          </reporter-output>
        </test-method> <!-- setUpBeforeClass -->
        <test-method is-config="true" signature="setUp()[pri:0, instance:com.training.sanity.tests.TC15ConfirmandCompleteOrder@2cbb3d47]" started-at="2019-09-03T15:10:25Z" name="setUp" finished-at="2019-09-03T15:10:34Z" duration-ms="9272" status="PASS">
          <reporter-output>
          </reporter-output>
        </test-method> <!-- setUp -->
        <test-method signature="confirmProduct()[pri:1, instance:com.training.sanity.tests.TC15ConfirmandCompleteOrder@2cbb3d47]" started-at="2019-09-03T15:10:34Z" name="confirmProduct" finished-at="2019-09-03T15:10:57Z" duration-ms="23184" status="FAIL">
          <exception class="org.openqa.selenium.NoSuchSessionException">
            <message>
              <![CDATA[Session ID is null. Using WebDriver after calling quit()?
Build info: version: '3.141.59', revision: 'e82be7d358', time: '2018-11-14T08:17:03'
System info: host: 'DESKTOP-DPP2BUV', ip: '9.81.210.103', os.name: 'Windows 10', os.arch: 'amd64', os.version: '10.0', java.version: '12.0.1'
Driver info: driver.version: RemoteWebDriver]]>
            </message>
            <full-stacktrace>
              <![CDATA[org.openqa.selenium.NoSuchSessionException: Session ID is null. Using WebDriver after calling quit()?
Build info: version: '3.141.59', revision: 'e82be7d358', time: '2018-11-14T08:17:03'
System info: host: 'DESKTOP-DPP2BUV', ip: '9.81.210.103', os.name: 'Windows 10', os.arch: 'amd64', os.version: '10.0', java.version: '12.0.1'
Driver info: driver.version: RemoteWebDriver
at org.openqa.selenium.remote.HttpCommandExecutor.execute(HttpCommandExecutor.java:125)
at org.openqa.selenium.remote.service.DriverCommandExecutor.execute(DriverCommandExecutor.java:83)
at org.openqa.selenium.remote.RemoteWebDriver.execute(RemoteWebDriver.java:552)
at org.openqa.selenium.remote.RemoteWebDriver.get(RemoteWebDriver.java:277)
at com.training.sanity.tests.TC15ConfirmandCompleteOrder.confirmProduct(TC15ConfirmandCompleteOrder.java:93)
at java.base/jdk.internal.reflect.NativeMethodAccessorImpl.invoke0(Native Method)
at java.base/jdk.internal.reflect.NativeMethodAccessorImpl.invoke(NativeMethodAccessorImpl.java:62)
at java.base/jdk.internal.reflect.DelegatingMethodAccessorImpl.invoke(DelegatingMethodAccessorImpl.java:43)
at java.base/java.lang.reflect.Method.invoke(Method.java:567)
at org.testng.internal.MethodInvocationHelper.invokeMethod(MethodInvocationHelper.java:124)
at org.testng.internal.Invoker.invokeMethod(Invoker.java:583)
at org.testng.internal.Invoker.invokeTestMethod(Invoker.java:719)
at org.testng.internal.Invoker.invokeTestMethods(Invoker.java:989)
at org.testng.internal.TestMethodWorker.invokeTestMethods(TestMethodWorker.java:125)
at org.testng.internal.TestMethodWorker.run(TestMethodWorker.java:109)
at org.testng.TestRunner.privateRun(TestRunner.java:648)
at org.testng.TestRunner.run(TestRunner.java:505)
at org.testng.SuiteRunner.runTest(SuiteRunner.java:455)
at org.testng.SuiteRunner.runSequentially(SuiteRunner.java:450)
at org.testng.SuiteRunner.privateRun(SuiteRunner.java:415)
at org.testng.SuiteRunner.run(SuiteRunner.java:364)
at org.testng.SuiteRunnerWorker.runSuite(SuiteRunnerWorker.java:52)
at org.testng.SuiteRunnerWorker.run(SuiteRunnerWorker.java:84)
at org.testng.TestNG.runSuitesSequentially(TestNG.java:1208)
at org.testng.TestNG.runSuitesLocally(TestNG.java:1137)
at org.testng.TestNG.runSuites(TestNG.java:1049)
at org.testng.TestNG.run(TestNG.java:1017)
at org.testng.remote.AbstractRemoteTestNG.run(AbstractRemoteTestNG.java:115)
at org.testng.remote.RemoteTestNG.initAndRun(RemoteTestNG.java:251)
at org.testng.remote.RemoteTestNG.main(RemoteTestNG.java:77)
]]>
            </full-stacktrace>
          </exception> <!-- org.openqa.selenium.NoSuchSessionException -->
          <reporter-output>
          </reporter-output>
        </test-method> <!-- confirmProduct -->
        <test-method is-config="true" signature="tearDown()[pri:0, instance:com.training.sanity.tests.TC15ConfirmandCompleteOrder@2cbb3d47]" started-at="2019-09-03T15:10:57Z" name="tearDown" finished-at="2019-09-03T15:10:58Z" duration-ms="1002" status="PASS">
          <reporter-output>
          </reporter-output>
        </test-method> <!-- tearDown -->
        <test-method is-config="true" signature="setUp()[pri:0, instance:com.training.sanity.tests.TC15ConfirmandCompleteOrder@2cbb3d47]" started-at="2019-09-03T15:10:58Z" name="setUp" finished-at="2019-09-03T15:11:26Z" duration-ms="27443" status="PASS">
          <reporter-output>
          </reporter-output>
        </test-method> <!-- setUp -->
        <test-method signature="viewOrderHistory()[pri:3, instance:com.training.sanity.tests.TC15ConfirmandCompleteOrder@2cbb3d47]" started-at="2019-09-03T15:11:26Z" name="viewOrderHistory" finished-at="2019-09-03T15:11:28Z" duration-ms="2883" status="PASS">
          <reporter-output>
          </reporter-output>
        </test-method> <!-- viewOrderHistory -->
        <test-method is-config="true" signature="tearDown()[pri:0, instance:com.training.sanity.tests.TC15ConfirmandCompleteOrder@2cbb3d47]" started-at="2019-09-03T15:11:28Z" name="tearDown" finished-at="2019-09-03T15:11:30Z" duration-ms="1801" status="PASS">
          <reporter-output>
          </reporter-output>
        </test-method> <!-- tearDown -->
      </class> <!-- com.training.sanity.tests.TC15ConfirmandCompleteOrder -->
    </test> <!-- Default test -->
  </suite> <!-- Default suite -->
</testng-results>
