<?xml version="1.0" encoding="UTF-8"?>
<!-- Generated by org.testng.reporters.JUnitXMLReporter -->
<testsuite ignored="0" hostname="DESKTOP-DPP2BUV" failures="0" tests="2" name="Default test" time="106.779" errors="0" timestamp="02 Sep 2019 16:56:26 GMT">
  <testcase classname="com.training.sanity.tests.TC05AdminLoginTests" name="validLoginTest" time="80.861"/>
  <testcase classname="com.training.sanity.tests.TC11AddCategoriesandDBtest" name="addCategoriesDBTest" time="4.778"/>
</testsuite> <!-- Default test -->
