<?xml version="1.0" encoding="UTF-8"?>
<!-- Generated by org.testng.reporters.JUnitXMLReporter -->
<testsuite ignored="0" hostname="DESKTOP-DPP2BUV" failures="0" tests="2" name="Default test" time="21.432" errors="0" timestamp="26 Aug 2019 16:29:00 GMT">
  <testcase classname="com.training.sanity.tests.TC05AdminLoginTests" name="validLoginTest" time="7.619"/>
  <testcase classname="com.training.sanity.tests.TC12FilterProduct" name="filterProductTest" time="4.608"/>
</testsuite> <!-- Default test -->
